  pchdr.h
  Mesh.cpp
  Transforms.cpp
  Triangle.cpp
  GraphicsPipeline.cpp
  Graphing2D.cpp
  matrix3x3.cpp
  matrix4x4.cpp
  vector2d.cpp
  vector3d.cpp
  main.cpp
c:\users\dmitry\documents\github\kartongameengine\graphicsengine\graphicsengine\source files\math utilities\matrix3x3.h(6): error C2011: 'matrix3x3': 'struct' type redefinition (compiling source file Source Files\Math Utilities\matrix3x3.cpp)
  c:\users\dmitry\documents\github\kartongameengine\graphicsengine\graphicsengine\source files\math utilities\matrix3x3.h(5): note: see declaration of 'matrix3x3' (compiling source file Source Files\Math Utilities\matrix3x3.cpp)
c:\users\dmitry\documents\github\kartongameengine\graphicsengine\graphicsengine\source files\geometry\triangle.h(7): error C3646: 'points': unknown override specifier (compiling source file Source Files\Geometry\Mesh.cpp)
c:\users\dmitry\documents\github\kartongameengine\graphicsengine\graphicsengine\source files\geometry\triangle.h(7): error C3646: 'points': unknown override specifier (compiling source file Source Files\Geometry\Transforms.cpp)
c:\users\dmitry\documents\github\kartongameengine\graphicsengine\graphicsengine\source files\geometry\triangle.h(7): error C3646: 'points': unknown override specifier (compiling source file Source Files\GraphicsFlow\Graphing2D.cpp)
c:\users\dmitry\documents\github\kartongameengine\graphicsengine\graphicsengine\source files\geometry\triangle.h(7): error C3646: 'points': unknown override specifier (compiling source file Source Files\Geometry\Triangle.cpp)
c:\users\dmitry\documents\github\kartongameengine\graphicsengine\graphicsengine\source files\geometry\triangle.h(7): error C3646: 'points': unknown override specifier (compiling source file Source Files\GraphicsFlow\GraphicsPipeline.cpp)
c:\users\dmitry\documents\github\kartongameengine\graphicsengine\graphicsengine\source files\geometry\triangle.h(7): error C3646: 'points': unknown override specifier (compiling source file Source Files\main.cpp)
c:\users\dmitry\documents\github\kartongameengine\graphicsengine\graphicsengine\source files\math utilities\matrix3x3.cpp(50): error C2079: 'res' uses undefined struct 'matrix3x3'
c:\users\dmitry\documents\github\kartongameengine\graphicsengine\graphicsengine\source files\math utilities\matrix3x3.cpp(55): error C2027: use of undefined type 'matrix3x3'
  c:\users\dmitry\documents\github\kartongameengine\graphicsengine\graphicsengine\source files\math utilities\matrix3x3.h(5): note: see declaration of 'matrix3x3'
c:\users\dmitry\documents\github\kartongameengine\graphicsengine\graphicsengine\source files\math utilities\matrix3x3.cpp(58): error C2440: 'return': cannot convert from 'int' to 'matrix3x3 &'
c:\users\dmitry\documents\github\kartongameengine\graphicsengine\graphicsengine\source files\math utilities\matrix3x3.cpp(63): error C2079: 'res' uses undefined struct 'matrix3x3'
c:\users\dmitry\documents\github\kartongameengine\graphicsengine\graphicsengine\source files\math utilities\matrix3x3.cpp(68): error C2027: use of undefined type 'matrix3x3'
  c:\users\dmitry\documents\github\kartongameengine\graphicsengine\graphicsengine\source files\math utilities\matrix3x3.h(5): note: see declaration of 'matrix3x3'
c:\users\dmitry\documents\github\kartongameengine\graphicsengine\graphicsengine\source files\math utilities\matrix3x3.cpp(71): error C2440: 'return': cannot convert from 'int' to 'matrix3x3 &'
c:\users\dmitry\documents\github\kartongameengine\graphicsengine\graphicsengine\source files\math utilities\matrix3x3.cpp(76): error C2079: 'temp' uses undefined struct 'matrix3x3'
c:\users\dmitry\documents\github\kartongameengine\graphicsengine\graphicsengine\source files\math utilities\matrix3x3.cpp(84): error C2027: use of undefined type 'matrix3x3'
  c:\users\dmitry\documents\github\kartongameengine\graphicsengine\graphicsengine\source files\math utilities\matrix3x3.h(5): note: see declaration of 'matrix3x3'
c:\users\dmitry\documents\github\kartongameengine\graphicsengine\graphicsengine\source files\math utilities\matrix3x3.cpp(88): error C2440: 'return': cannot convert from 'int' to 'matrix3x3 &'
c:\users\dmitry\documents\github\kartongameengine\graphicsengine\graphicsengine\source files\math utilities\matrix3x3.cpp(92): error C2027: use of undefined type 'matrix3x3'
  c:\users\dmitry\documents\github\kartongameengine\graphicsengine\graphicsengine\source files\math utilities\matrix3x3.h(5): note: see declaration of 'matrix3x3'
c:\users\dmitry\documents\github\kartongameengine\graphicsengine\graphicsengine\source files\math utilities\matrix3x3.cpp(94): error C2355: 'this': can only be referenced inside non-static member functions or non-static data member initializers
c:\users\dmitry\documents\github\kartongameengine\graphicsengine\graphicsengine\source files\geometry\triangle.h(7): error C2143: syntax error: missing ',' before '[' (compiling source file Source Files\main.cpp)
c:\users\dmitry\documents\github\kartongameengine\graphicsengine\graphicsengine\source files\geometry\triangle.h(7): error C2143: syntax error: missing ',' before '[' (compiling source file Source Files\Geometry\Mesh.cpp)
c:\users\dmitry\documents\github\kartongameengine\graphicsengine\graphicsengine\source files\geometry\triangle.h(7): error C2143: syntax error: missing ',' before '[' (compiling source file Source Files\GraphicsFlow\GraphicsPipeline.cpp)
c:\users\dmitry\documents\github\kartongameengine\graphicsengine\graphicsengine\source files\geometry\triangle.h(7): error C2143: syntax error: missing ',' before '[' (compiling source file Source Files\Geometry\Triangle.cpp)
c:\users\dmitry\documents\github\kartongameengine\graphicsengine\graphicsengine\source files\geometry\triangle.h(7): error C2143: syntax error: missing ',' before '[' (compiling source file Source Files\GraphicsFlow\Graphing2D.cpp)
c:\users\dmitry\documents\github\kartongameengine\graphicsengine\graphicsengine\source files\geometry\triangle.h(7): error C2143: syntax error: missing ',' before '[' (compiling source file Source Files\Geometry\Transforms.cpp)
c:\users\dmitry\documents\github\kartongameengine\graphicsengine\graphicsengine\source files\math utilities\matrix3x3.cpp(98): error C2027: use of undefined type 'matrix3x3'
c:\users\dmitry\documents\github\kartongameengine\graphicsengine\graphicsengine\source files\geometry\triangle.h(7): error C2143: syntax error: missing ')' before ';' (compiling source file Source Files\main.cpp)
  c:\users\dmitry\documents\github\kartongameengine\graphicsengine\graphicsengine\source files\math utilities\matrix3x3.h(5): note: see declaration of 'matrix3x3'
c:\users\dmitry\documents\github\kartongameengine\graphicsengine\graphicsengine\source files\geometry\triangle.h(7): error C2143: syntax error: missing ')' before ';' (compiling source file Source Files\Geometry\Mesh.cpp)
c:\users\dmitry\documents\github\kartongameengine\graphicsengine\graphicsengine\source files\geometry\triangle.h(7): error C2143: syntax error: missing ')' before ';' (compiling source file Source Files\GraphicsFlow\GraphicsPipeline.cpp)
c:\users\dmitry\documents\github\kartongameengine\graphicsengine\graphicsengine\source files\geometry\triangle.h(7): error C2143: syntax error: missing ')' before ';' (compiling source file Source Files\Geometry\Triangle.cpp)
c:\users\dmitry\documents\github\kartongameengine\graphicsengine\graphicsengine\source files\geometry\triangle.h(7): error C2143: syntax error: missing ')' before ';' (compiling source file Source Files\GraphicsFlow\Graphing2D.cpp)
c:\users\dmitry\documents\github\kartongameengine\graphicsengine\graphicsengine\source files\geometry\triangle.h(7): error C2143: syntax error: missing ')' before ';' (compiling source file Source Files\Geometry\Transforms.cpp)
c:\users\dmitry\documents\github\kartongameengine\graphicsengine\graphicsengine\source files\geometry\triangle.h(7): error C2238: unexpected token(s) preceding ';' (compiling source file Source Files\main.cpp)
c:\users\dmitry\documents\github\kartongameengine\graphicsengine\graphicsengine\source files\math utilities\matrix3x3.cpp(100): error C2355: 'this': can only be referenced inside non-static member functions or non-static data member initializers
c:\users\dmitry\documents\github\kartongameengine\graphicsengine\graphicsengine\source files\geometry\triangle.h(7): error C2238: unexpected token(s) preceding ';' (compiling source file Source Files\Geometry\Mesh.cpp)
c:\users\dmitry\documents\github\kartongameengine\graphicsengine\graphicsengine\source files\geometry\triangle.h(7): error C2238: unexpected token(s) preceding ';' (compiling source file Source Files\GraphicsFlow\GraphicsPipeline.cpp)
c:\users\dmitry\documents\github\kartongameengine\graphicsengine\graphicsengine\source files\geometry\triangle.h(7): error C2238: unexpected token(s) preceding ';' (compiling source file Source Files\Geometry\Triangle.cpp)
c:\users\dmitry\documents\github\kartongameengine\graphicsengine\graphicsengine\source files\geometry\triangle.h(7): error C2238: unexpected token(s) preceding ';' (compiling source file Source Files\GraphicsFlow\Graphing2D.cpp)
c:\users\dmitry\documents\github\kartongameengine\graphicsengine\graphicsengine\source files\geometry\triangle.h(7): error C2238: unexpected token(s) preceding ';' (compiling source file Source Files\Geometry\Transforms.cpp)
c:\users\dmitry\documents\github\kartongameengine\graphicsengine\graphicsengine\source files\math utilities\matrix3x3.cpp(103): error C2027: use of undefined type 'matrix3x3'
  c:\users\dmitry\documents\github\kartongameengine\graphicsengine\graphicsengine\source files\math utilities\matrix3x3.h(5): note: see declaration of 'matrix3x3'
c:\users\dmitry\documents\github\kartongameengine\graphicsengine\graphicsengine\source files\math utilities\matrix3x3.cpp(105): error C2355: 'this': can only be referenced inside non-static member functions or non-static data member initializers
c:\users\dmitry\documents\github\kartongameengine\graphicsengine\graphicsengine\source files\math utilities\matrix3x3.cpp(108): error C2027: use of undefined type 'matrix3x3'
  c:\users\dmitry\documents\github\kartongameengine\graphicsengine\graphicsengine\source files\math utilities\matrix3x3.h(5): note: see declaration of 'matrix3x3'
c:\users\dmitry\documents\github\kartongameengine\graphicsengine\graphicsengine\source files\math utilities\matrix3x3.cpp(114): error C2355: 'this': can only be referenced inside non-static member functions or non-static data member initializers
c:\users\dmitry\documents\github\kartongameengine\graphicsengine\graphicsengine\source files\math utilities\matrix3x3.cpp(119): error C2027: use of undefined type 'matrix3x3'
  c:\users\dmitry\documents\github\kartongameengine\graphicsengine\graphicsengine\source files\math utilities\matrix3x3.h(5): note: see declaration of 'matrix3x3'
c:\users\dmitry\documents\github\kartongameengine\graphicsengine\graphicsengine\source files\math utilities\matrix3x3.cpp(125): error C2355: 'this': can only be referenced inside non-static member functions or non-static data member initializers
c:\users\dmitry\documents\github\kartongameengine\graphicsengine\graphicsengine\source files\math utilities\matrix3x3.cpp(130): error C2027: use of undefined type 'matrix3x3'
  c:\users\dmitry\documents\github\kartongameengine\graphicsengine\graphicsengine\source files\math utilities\matrix3x3.h(5): note: see declaration of 'matrix3x3'
c:\users\dmitry\documents\github\kartongameengine\graphicsengine\graphicsengine\source files\math utilities\matrix3x3.cpp(135): error C2027: use of undefined type 'matrix3x3'
  c:\users\dmitry\documents\github\kartongameengine\graphicsengine\graphicsengine\source files\math utilities\matrix3x3.h(5): note: see declaration of 'matrix3x3'
c:\users\dmitry\documents\github\kartongameengine\graphicsengine\graphicsengine\source files\math utilities\matrix3x3.cpp(140): error C2027: use of undefined type 'matrix3x3'
  c:\users\dmitry\documents\github\kartongameengine\graphicsengine\graphicsengine\source files\math utilities\matrix3x3.h(5): note: see declaration of 'matrix3x3'
c:\users\dmitry\documents\github\kartongameengine\graphicsengine\graphicsengine\source files\math utilities\matrix3x3.cpp(141): error C2270: 'Det': modifiers not allowed on nonmember functions
c:\users\dmitry\documents\github\kartongameengine\graphicsengine\graphicsengine\source files\math utilities\matrix3x3.cpp(142): error C2065: 'mat': undeclared identifier
c:\users\dmitry\documents\github\kartongameengine\graphicsengine\graphicsengine\source files\math utilities\matrix3x3.cpp(145): error C2027: use of undefined type 'matrix3x3'
  c:\users\dmitry\documents\github\kartongameengine\graphicsengine\graphicsengine\source files\math utilities\matrix3x3.h(5): note: see declaration of 'matrix3x3'
c:\users\dmitry\documents\github\kartongameengine\graphicsengine\graphicsengine\source files\math utilities\matrix3x3.cpp(146): error C2270: 'Inverse': modifiers not allowed on nonmember functions
c:\users\dmitry\documents\github\kartongameengine\graphicsengine\graphicsengine\source files\math utilities\matrix3x3.cpp(149): error C2079: 'res' uses undefined struct 'matrix3x3'
c:\users\dmitry\documents\github\kartongameengine\graphicsengine\graphicsengine\source files\geometry\transforms.h(6): error C4430: missing type specifier - int assumed. Note: C++ does not support default-int (compiling source file Source Files\Geometry\Transforms.cpp)
c:\users\dmitry\documents\github\kartongameengine\graphicsengine\graphicsengine\source files\graphicsflow\graphing2d.h(9): error C2065: 'Vector2d': undeclared identifier (compiling source file Source Files\GraphicsFlow\Graphing2D.cpp)
c:\users\dmitry\documents\github\kartongameengine\graphicsengine\graphicsengine\source files\graphicsflow\graphing2d.h(9): error C2065: 'Vector2d': undeclared identifier (compiling source file Source Files\GraphicsFlow\GraphicsPipeline.cpp)
c:\users\dmitry\documents\github\kartongameengine\graphicsengine\graphicsengine\source files\graphicsflow\graphing2d.h(9): error C2065: 'Vector2d': undeclared identifier (compiling source file Source Files\main.cpp)
c:\users\dmitry\documents\github\kartongameengine\graphicsengine\graphicsengine\source files\math utilities\matrix3x3.cpp(150): error C2065: 'mat': undeclared identifier
c:\users\dmitry\documents\github\kartongameengine\graphicsengine\graphicsengine\source files\geometry\transforms.h(6): error C2146: syntax error: missing ';' before identifier 'Ortho2D' (compiling source file Source Files\Geometry\Transforms.cpp)
c:\users\dmitry\documents\github\kartongameengine\graphicsengine\graphicsengine\source files\graphicsflow\graphing2d.h(9): error C2146: syntax error: missing ')' before identifier 'point1' (compiling source file Source Files\GraphicsFlow\Graphing2D.cpp)
c:\users\dmitry\documents\github\kartongameengine\graphicsengine\graphicsengine\source files\graphicsflow\graphing2d.h(9): error C2146: syntax error: missing ')' before identifier 'point1' (compiling source file Source Files\GraphicsFlow\GraphicsPipeline.cpp)
c:\users\dmitry\documents\github\kartongameengine\graphicsengine\graphicsengine\source files\graphicsflow\graphing2d.h(9): error C2146: syntax error: missing ')' before identifier 'point1' (compiling source file Source Files\main.cpp)
c:\users\dmitry\documents\github\kartongameengine\graphicsengine\graphicsengine\source files\graphicsflow\graphing2d.h(12): error C2065: 'Vector2d': undeclared identifier (compiling source file Source Files\GraphicsFlow\Graphing2D.cpp)
c:\users\dmitry\documents\github\kartongameengine\graphicsengine\graphicsengine\source files\graphicsflow\graphing2d.h(12): error C2065: 'Vector2d': undeclared identifier (compiling source file Source Files\GraphicsFlow\GraphicsPipeline.cpp)
c:\users\dmitry\documents\github\kartongameengine\graphicsengine\graphicsengine\source files\graphicsflow\graphing2d.h(12): error C2065: 'Vector2d': undeclared identifier (compiling source file Source Files\main.cpp)
c:\users\dmitry\documents\github\kartongameengine\graphicsengine\graphicsengine\source files\graphicsflow\graphing2d.h(12): error C2146: syntax error: missing ')' before identifier 'point1' (compiling source file Source Files\GraphicsFlow\Graphing2D.cpp)
c:\users\dmitry\documents\github\kartongameengine\graphicsengine\graphicsengine\source files\graphicsflow\graphing2d.h(12): error C2146: syntax error: missing ')' before identifier 'point1' (compiling source file Source Files\GraphicsFlow\GraphicsPipeline.cpp)
c:\users\dmitry\documents\github\kartongameengine\graphicsengine\graphicsengine\source files\geometry\transforms.cpp(7): error C4430: missing type specifier - int assumed. Note: C++ does not support default-int
c:\users\dmitry\documents\github\kartongameengine\graphicsengine\graphicsengine\source files\graphicsflow\graphing2d.h(12): error C2146: syntax error: missing ')' before identifier 'point1' (compiling source file Source Files\main.cpp)
c:\users\dmitry\documents\github\kartongameengine\graphicsengine\graphicsengine\source files\graphicsflow\graphing2d.h(15): error C2065: 'Vector2d': undeclared identifier (compiling source file Source Files\GraphicsFlow\Graphing2D.cpp)
c:\users\dmitry\documents\github\kartongameengine\graphicsengine\graphicsengine\source files\graphicsflow\graphing2d.h(15): error C2065: 'Vector2d': undeclared identifier (compiling source file Source Files\GraphicsFlow\GraphicsPipeline.cpp)
c:\users\dmitry\documents\github\kartongameengine\graphicsengine\graphicsengine\source files\graphicsflow\graphing2d.h(15): error C2065: 'Vector2d': undeclared identifier (compiling source file Source Files\main.cpp)
c:\users\dmitry\documents\github\kartongameengine\graphicsengine\graphicsengine\source files\geometry\transforms.cpp(7): error C2086: 'int Vector2d': redefinition
  c:\users\dmitry\documents\github\kartongameengine\graphicsengine\graphicsengine\source files\geometry\transforms.h(6): note: see declaration of 'Vector2d'c:\users\dmitry\documents\github\kartongameengine\graphicsengine\graphicsengine\source files\math utilities\matrix3x3.cpp(151): error C2065: 'mat': undeclared identifier
  
c:\users\dmitry\documents\github\kartongameengine\graphicsengine\graphicsengine\source files\graphicsflow\graphing2d.h(15): error C2146: syntax error: missing ')' before identifier 'point1' (compiling source file Source Files\GraphicsFlow\Graphing2D.cpp)
c:\users\dmitry\documents\github\kartongameengine\graphicsengine\graphicsengine\source files\graphicsflow\graphing2d.h(15): error C2146: syntax error: missing ')' before identifier 'point1' (compiling source file Source Files\GraphicsFlow\GraphicsPipeline.cpp)
c:\users\dmitry\documents\github\kartongameengine\graphicsengine\graphicsengine\source files\graphicsflow\graphing2d.h(15): error C2146: syntax error: missing ')' before identifier 'point1' (compiling source file Source Files\main.cpp)
c:\users\dmitry\documents\github\kartongameengine\graphicsengine\graphicsengine\source files\geometry\transforms.cpp(7): error C2146: syntax error: missing ';' before identifier 'Ortho2D'
c:\users\dmitry\documents\github\kartongameengine\graphicsengine\graphicsengine\source files\graphicsflow\graphing2d.h(19): error C2065: 'Vector2d': undeclared identifier (compiling source file Source Files\GraphicsFlow\Graphing2D.cpp)
c:\users\dmitry\documents\github\kartongameengine\graphicsengine\graphicsengine\source files\graphicsflow\graphing2d.h(19): error C2065: 'Vector2d': undeclared identifier (compiling source file Source Files\GraphicsFlow\GraphicsPipeline.cpp)
c:\users\dmitry\documents\github\kartongameengine\graphicsengine\graphicsengine\source files\graphicsflow\graphing2d.h(19): error C2065: 'Vector2d': undeclared identifier (compiling source file Source Files\main.cpp)
c:\users\dmitry\documents\github\kartongameengine\graphicsengine\graphicsengine\source files\geometry\transforms.cpp(8): error C2143: syntax error: missing ';' before '{'
c:\users\dmitry\documents\github\kartongameengine\graphicsengine\graphicsengine\source files\graphicsflow\graphing2d.h(19): error C2146: syntax error: missing ')' before identifier 'point1' (compiling source file Source Files\GraphicsFlow\Graphing2D.cpp)
c:\users\dmitry\documents\github\kartongameengine\graphicsengine\graphicsengine\source files\graphicsflow\graphing2d.h(19): error C2146: syntax error: missing ')' before identifier 'point1' (compiling source file Source Files\GraphicsFlow\GraphicsPipeline.cpp)
c:\users\dmitry\documents\github\kartongameengine\graphicsengine\graphicsengine\source files\graphicsflow\graphing2d.h(19): error C2146: syntax error: missing ')' before identifier 'point1' (compiling source file Source Files\main.cpp)
c:\users\dmitry\documents\github\kartongameengine\graphicsengine\graphicsengine\source files\geometry\transforms.cpp(8): error C2447: '{': missing function header (old-style formal list?)
c:\users\dmitry\documents\github\kartongameengine\graphicsengine\graphicsengine\source files\graphicsflow\graphing2d.h(22): error C2065: 'Vector2d': undeclared identifier (compiling source file Source Files\GraphicsFlow\Graphing2D.cpp)
c:\users\dmitry\documents\github\kartongameengine\graphicsengine\graphicsengine\source files\graphicsflow\graphing2d.h(22): error C2065: 'Vector2d': undeclared identifier (compiling source file Source Files\GraphicsFlow\GraphicsPipeline.cpp)
c:\users\dmitry\documents\github\kartongameengine\graphicsengine\graphicsengine\source files\graphicsflow\graphing2d.h(22): error C2065: 'Vector2d': undeclared identifier (compiling source file Source Files\main.cpp)
c:\users\dmitry\documents\github\kartongameengine\graphicsengine\graphicsengine\source files\geometry\transforms.cpp(27): error C2065: 'matrix4x4': undeclared identifier
c:\users\dmitry\documents\github\kartongameengine\graphicsengine\graphicsengine\source files\math utilities\matrix3x3.cpp(152): error C2065: 'mat': undeclared identifier
c:\users\dmitry\documents\github\kartongameengine\graphicsengine\graphicsengine\source files\graphicsflow\graphing2d.h(22): error C2146: syntax error: missing ')' before identifier 'point1' (compiling source file Source Files\GraphicsFlow\Graphing2D.cpp)
c:\users\dmitry\documents\github\kartongameengine\graphicsengine\graphicsengine\source files\graphicsflow\graphing2d.h(22): error C2146: syntax error: missing ')' before identifier 'point1' (compiling source file Source Files\GraphicsFlow\GraphicsPipeline.cpp)
c:\users\dmitry\documents\github\kartongameengine\graphicsengine\graphicsengine\source files\graphicsflow\graphing2d.h(22): error C2146: syntax error: missing ')' before identifier 'point1' (compiling source file Source Files\main.cpp)
c:\users\dmitry\documents\github\kartongameengine\graphicsengine\graphicsengine\source files\geometry\transforms.cpp(27): error C2146: syntax error: missing ';' before identifier 'projMat'
c:\users\dmitry\documents\github\kartongameengine\graphicsengine\graphicsengine\source files\graphicsflow\graphing2d.h(25): error C2065: 'Vector2d': undeclared identifier (compiling source file Source Files\GraphicsFlow\Graphing2D.cpp)
c:\users\dmitry\documents\github\kartongameengine\graphicsengine\graphicsengine\source files\graphicsflow\graphing2d.h(25): error C2065: 'Vector2d': undeclared identifier (compiling source file Source Files\GraphicsFlow\GraphicsPipeline.cpp)
c:\users\dmitry\documents\github\kartongameengine\graphicsengine\graphicsengine\source files\graphicsflow\graphing2d.h(25): error C2065: 'Vector2d': undeclared identifier (compiling source file Source Files\main.cpp)
c:\users\dmitry\documents\github\kartongameengine\graphicsengine\graphicsengine\source files\geometry\transforms.cpp(27): error C2065: 'projMat': undeclared identifier
c:\users\dmitry\documents\github\kartongameengine\graphicsengine\graphicsengine\source files\graphicsflow\graphing2d.h(25): error C2146: syntax error: missing ')' before identifier 'point1' (compiling source file Source Files\GraphicsFlow\Graphing2D.cpp)
c:\users\dmitry\documents\github\kartongameengine\graphicsengine\graphicsengine\source files\graphicsflow\graphing2d.h(25): error C2146: syntax error: missing ')' before identifier 'point1' (compiling source file Source Files\GraphicsFlow\GraphicsPipeline.cpp)
c:\users\dmitry\documents\github\kartongameengine\graphicsengine\graphicsengine\source files\graphicsflow\graphing2d.h(25): error C2146: syntax error: missing ')' before identifier 'point1' (compiling source file Source Files\main.cpp)
c:\users\dmitry\documents\github\kartongameengine\graphicsengine\graphicsengine\source files\geometry\transforms.cpp(29): error C2065: 'projMat': undeclared identifier
c:\users\dmitry\documents\github\kartongameengine\graphicsengine\graphicsengine\source files\graphicsflow\graphing2d.h(30): error C2065: 'Vector2d': undeclared identifier (compiling source file Source Files\GraphicsFlow\Graphing2D.cpp)
c:\users\dmitry\documents\github\kartongameengine\graphicsengine\graphicsengine\source files\graphicsflow\graphing2d.h(30): error C2065: 'Vector2d': undeclared identifier (compiling source file Source Files\GraphicsFlow\GraphicsPipeline.cpp)
c:\users\dmitry\documents\github\kartongameengine\graphicsengine\graphicsengine\source files\graphicsflow\graphing2d.h(30): error C2065: 'Vector2d': undeclared identifier (compiling source file Source Files\main.cpp)
c:\users\dmitry\documents\github\kartongameengine\graphicsengine\graphicsengine\source files\geometry\transforms.cpp(30): error C2065: 'projMat': undeclared identifier
c:\users\dmitry\documents\github\kartongameengine\graphicsengine\graphicsengine\source files\math utilities\matrix3x3.cpp(153): error C2065: 'mat': undeclared identifier
c:\users\dmitry\documents\github\kartongameengine\graphicsengine\graphicsengine\source files\graphicsflow\graphing2d.h(30): error C2146: syntax error: missing ')' before identifier 'point1' (compiling source file Source Files\GraphicsFlow\Graphing2D.cpp)
c:\users\dmitry\documents\github\kartongameengine\graphicsengine\graphicsengine\source files\graphicsflow\graphing2d.h(30): error C2146: syntax error: missing ')' before identifier 'point1' (compiling source file Source Files\GraphicsFlow\GraphicsPipeline.cpp)
c:\users\dmitry\documents\github\kartongameengine\graphicsengine\graphicsengine\source files\graphicsflow\graphing2d.h(30): error C2146: syntax error: missing ')' before identifier 'point1' (compiling source file Source Files\main.cpp)
c:\users\dmitry\documents\github\kartongameengine\graphicsengine\graphicsengine\source files\geometry\transforms.cpp(31): error C2065: 'projMat': undeclared identifier
c:\users\dmitry\documents\github\kartongameengine\graphicsengine\graphicsengine\source files\graphicsflow\graphing2d.h(33): error C2065: 'Vector2d': undeclared identifier (compiling source file Source Files\GraphicsFlow\Graphing2D.cpp)
c:\users\dmitry\documents\github\kartongameengine\graphicsengine\graphicsengine\source files\graphicsflow\graphing2d.h(33): error C2065: 'Vector2d': undeclared identifier (compiling source file Source Files\GraphicsFlow\GraphicsPipeline.cpp)
c:\users\dmitry\documents\github\kartongameengine\graphicsengine\graphicsengine\source files\graphicsflow\graphing2d.h(33): error C2065: 'Vector2d': undeclared identifier (compiling source file Source Files\main.cpp)
c:\users\dmitry\documents\github\kartongameengine\graphicsengine\graphicsengine\source files\geometry\transforms.cpp(32): error C2065: 'projMat': undeclared identifier
c:\users\dmitry\documents\github\kartongameengine\graphicsengine\graphicsengine\source files\graphicsflow\graphing2d.h(33): error C2146: syntax error: missing ')' before identifier 'point1' (compiling source file Source Files\GraphicsFlow\Graphing2D.cpp)
c:\users\dmitry\documents\github\kartongameengine\graphicsengine\graphicsengine\source files\graphicsflow\graphing2d.h(33): error C2146: syntax error: missing ')' before identifier 'point1' (compiling source file Source Files\GraphicsFlow\GraphicsPipeline.cpp)
c:\users\dmitry\documents\github\kartongameengine\graphicsengine\graphicsengine\source files\graphicsflow\graphing2d.h(33): error C2146: syntax error: missing ')' before identifier 'point1' (compiling source file Source Files\main.cpp)
c:\users\dmitry\documents\github\kartongameengine\graphicsengine\graphicsengine\source files\geometry\transforms.cpp(33): error C2065: 'projMat': undeclared identifier
c:\users\dmitry\documents\github\kartongameengine\graphicsengine\graphicsengine\source files\graphicsflow\graphing2d.h(36): error C2065: 'Vector2d': undeclared identifier (compiling source file Source Files\GraphicsFlow\Graphing2D.cpp)
c:\users\dmitry\documents\github\kartongameengine\graphicsengine\graphicsengine\source files\graphicsflow\graphing2d.h(36): error C2065: 'Vector2d': undeclared identifier (compiling source file Source Files\GraphicsFlow\GraphicsPipeline.cpp)
c:\users\dmitry\documents\github\kartongameengine\graphicsengine\graphicsengine\source files\graphicsflow\graphing2d.h(36): error C2065: 'Vector2d': undeclared identifier (compiling source file Source Files\main.cpp)
c:\users\dmitry\documents\github\kartongameengine\graphicsengine\graphicsengine\source files\geometry\transforms.cpp(34): error C2065: 'projMat': undeclared identifier
c:\users\dmitry\documents\github\kartongameengine\graphicsengine\graphicsengine\source files\math utilities\matrix3x3.cpp(154): error C2065: 'mat': undeclared identifier
c:\users\dmitry\documents\github\kartongameengine\graphicsengine\graphicsengine\source files\graphicsflow\graphing2d.h(36): error C2146: syntax error: missing ')' before identifier 'point1' (compiling source file Source Files\GraphicsFlow\Graphing2D.cpp)
c:\users\dmitry\documents\github\kartongameengine\graphicsengine\graphicsengine\source files\graphicsflow\graphing2d.h(36): error C2146: syntax error: missing ')' before identifier 'point1' (compiling source file Source Files\GraphicsFlow\GraphicsPipeline.cpp)
c:\users\dmitry\documents\github\kartongameengine\graphicsengine\graphicsengine\source files\graphicsflow\graphing2d.h(36): error C2146: syntax error: missing ')' before identifier 'point1' (compiling source file Source Files\main.cpp)
c:\users\dmitry\documents\github\kartongameengine\graphicsengine\graphicsengine\source files\geometry\transforms.cpp(36): error C2039: 'points': is not a member of 'Triangle'
  c:\users\dmitry\documents\github\kartongameengine\graphicsengine\graphicsengine\source files\geometry\triangle.h(5): note: see declaration of 'Triangle'
c:\users\dmitry\documents\github\kartongameengine\graphicsengine\graphicsengine\source files\graphicsflow\graphing2d.cpp(18): error C2065: 'Vector2d': undeclared identifier
c:\users\dmitry\documents\github\kartongameengine\graphicsengine\graphicsengine\source files\geometry\transforms.cpp(39): error C2143: syntax error: missing ';' before 'return'
c:\users\dmitry\documents\github\kartongameengine\graphicsengine\graphicsengine\source files\graphicsflow\graphing2d.cpp(18): error C2146: syntax error: missing ')' before identifier 'point1'
c:\users\dmitry\documents\github\kartongameengine\graphicsengine\graphicsengine\source files\graphicsflow\graphing2d.cpp(19): error C2143: syntax error: missing ';' before '{'
c:\users\dmitry\documents\github\kartongameengine\graphicsengine\graphicsengine\source files\math utilities\matrix3x3.cpp(155): error C2065: 'mat': undeclared identifier
c:\users\dmitry\documents\github\kartongameengine\graphicsengine\graphicsengine\source files\graphicsflow\graphing2d.cpp(19): error C2447: '{': missing function header (old-style formal list?)
c:\users\dmitry\documents\github\kartongameengine\graphicsengine\graphicsengine\source files\graphicsflow\graphing2d.cpp(29): error C2065: 'Vector2d': undeclared identifier
c:\users\dmitry\documents\github\kartongameengine\graphicsengine\graphicsengine\source files\graphicsflow\graphing2d.cpp(29): error C2146: syntax error: missing ')' before identifier 'point1'
c:\users\dmitry\documents\github\kartongameengine\graphicsengine\graphicsengine\source files\graphicsflow\graphing2d.cpp(30): error C2143: syntax error: missing ';' before '{'
c:\users\dmitry\documents\github\kartongameengine\graphicsengine\graphicsengine\source files\math utilities\matrix3x3.cpp(156): error C2065: 'mat': undeclared identifier
c:\users\dmitry\documents\github\kartongameengine\graphicsengine\graphicsengine\source files\graphicsflow\graphing2d.cpp(30): error C2447: '{': missing function header (old-style formal list?)
c:\users\dmitry\documents\github\kartongameengine\graphicsengine\graphicsengine\source files\graphicsflow\graphing2d.cpp(46): error C2065: 'Vector2d': undeclared identifier
c:\users\dmitry\documents\github\kartongameengine\graphicsengine\graphicsengine\source files\graphicsflow\graphing2d.cpp(46): error C2146: syntax error: missing ')' before identifier 'point1'
c:\users\dmitry\documents\github\kartongameengine\graphicsengine\graphicsengine\source files\graphicsflow\graphing2d.cpp(47): error C2143: syntax error: missing ';' before '{'
c:\users\dmitry\documents\github\kartongameengine\graphicsengine\graphicsengine\source files\math utilities\matrix3x3.cpp(157): error C2065: 'mat': undeclared identifier
c:\users\dmitry\documents\github\kartongameengine\graphicsengine\graphicsengine\source files\graphicsflow\graphing2d.cpp(47): error C2447: '{': missing function header (old-style formal list?)
c:\users\dmitry\documents\github\kartongameengine\graphicsengine\graphicsengine\source files\graphicsflow\graphing2d.cpp(63): error C2065: 'Vector2d': undeclared identifier
c:\users\dmitry\documents\github\kartongameengine\graphicsengine\graphicsengine\source files\graphicsflow\graphing2d.cpp(63): error C2146: syntax error: missing ')' before identifier 'point1'
c:\users\dmitry\documents\github\kartongameengine\graphicsengine\graphicsengine\source files\graphicsflow\graphing2d.cpp(64): error C2143: syntax error: missing ';' before '{'
c:\users\dmitry\documents\github\kartongameengine\graphicsengine\graphicsengine\source files\math utilities\matrix3x3.cpp(158): error C2065: 'mat': undeclared identifier
c:\users\dmitry\documents\github\kartongameengine\graphicsengine\graphicsengine\source files\graphicsflow\graphing2d.cpp(64): error C2447: '{': missing function header (old-style formal list?)
c:\users\dmitry\documents\github\kartongameengine\graphicsengine\graphicsengine\source files\graphicsflow\graphing2d.cpp(73): error C2065: 'Vector2d': undeclared identifier
c:\users\dmitry\documents\github\kartongameengine\graphicsengine\graphicsengine\source files\graphicsflow\graphing2d.cpp(73): error C2146: syntax error: missing ')' before identifier 'point1'
c:\users\dmitry\documents\github\kartongameengine\graphicsengine\graphicsengine\source files\graphicsflow\graphing2d.cpp(74): error C2143: syntax error: missing ';' before '{'
c:\users\dmitry\documents\github\kartongameengine\graphicsengine\graphicsengine\source files\math utilities\matrix3x3.cpp(160): error C2440: 'return': cannot convert from 'int' to 'matrix3x3 &'
c:\users\dmitry\documents\github\kartongameengine\graphicsengine\graphicsengine\source files\graphicsflow\graphing2d.cpp(74): error C2447: '{': missing function header (old-style formal list?)
c:\users\dmitry\documents\github\kartongameengine\graphicsengine\graphicsengine\source files\math utilities\matrix3x3.cpp(163): error C2027: use of undefined type 'matrix3x3'
c:\users\dmitry\documents\github\kartongameengine\graphicsengine\graphicsengine\source files\graphicsflow\graphing2d.cpp(96): error C2065: 'Vector2d': undeclared identifier
  c:\users\dmitry\documents\github\kartongameengine\graphicsengine\graphicsengine\source files\math utilities\matrix3x3.h(5): note: see declaration of 'matrix3x3'
c:\users\dmitry\documents\github\kartongameengine\graphicsengine\graphicsengine\source files\graphicsflow\graphing2d.cpp(96): error C2146: syntax error: missing ')' before identifier 'point1'
c:\users\dmitry\documents\github\kartongameengine\graphicsengine\graphicsengine\source files\graphicsflow\graphing2d.cpp(97): error C2143: syntax error: missing ';' before '{'
c:\users\dmitry\documents\github\kartongameengine\graphicsengine\graphicsengine\source files\graphicsflow\graphing2d.cpp(97): error C2447: '{': missing function header (old-style formal list?)
c:\users\dmitry\documents\github\kartongameengine\graphicsengine\graphicsengine\source files\math utilities\matrix3x3.cpp(169): error C2027: use of undefined type 'matrix3x3'
  c:\users\dmitry\documents\github\kartongameengine\graphicsengine\graphicsengine\source files\math utilities\matrix3x3.h(5): note: see declaration of 'matrix3x3'
c:\users\dmitry\documents\github\kartongameengine\graphicsengine\graphicsengine\source files\math utilities\matrix3x3.cpp(175): error C2027: use of undefined type 'matrix3x3'
  c:\users\dmitry\documents\github\kartongameengine\graphicsengine\graphicsengine\source files\math utilities\matrix3x3.h(5): note: see declaration of 'matrix3x3'
c:\users\dmitry\documents\github\kartongameengine\graphicsengine\graphicsengine\source files\math utilities\matrix3x3.cpp(180): error C2027: use of undefined type 'matrix3x3'
  c:\users\dmitry\documents\github\kartongameengine\graphicsengine\graphicsengine\source files\math utilities\matrix3x3.h(5): note: see declaration of 'matrix3x3'
c:\users\dmitry\documents\github\kartongameengine\graphicsengine\graphicsengine\source files\graphicsflow\graphing2d.cpp(115): error C2039: 'points': is not a member of 'Triangle'
c:\users\dmitry\documents\github\kartongameengine\graphicsengine\graphicsengine\source files\math utilities\matrix3x3.cpp(182): error C2355: 'this': can only be referenced inside non-static member functions or non-static data member initializers
  c:\users\dmitry\documents\github\kartongameengine\graphicsengine\graphicsengine\source files\geometry\triangle.h(5): note: see declaration of 'Triangle'
c:\users\dmitry\documents\github\kartongameengine\graphicsengine\graphicsengine\source files\math utilities\matrix3x3.cpp(185): error C2027: use of undefined type 'matrix3x3'
  c:\users\dmitry\documents\github\kartongameengine\graphicsengine\graphicsengine\source files\math utilities\matrix3x3.h(5): note: see declaration of 'matrix3x3'
c:\users\dmitry\documents\github\kartongameengine\graphicsengine\graphicsengine\source files\math utilities\matrix3x3.cpp(187): error C2355: 'this': can only be referenced inside non-static member functions or non-static data member initializers
c:\users\dmitry\documents\github\kartongameengine\graphicsengine\graphicsengine\source files\math utilities\matrix3x3.cpp(190): error C2027: use of undefined type 'matrix3x3'
c:\users\dmitry\documents\github\kartongameengine\graphicsengine\graphicsengine\source files\graphicsflow\graphing2d.cpp(116): error C2039: 'points': is not a member of 'Triangle'
  c:\users\dmitry\documents\github\kartongameengine\graphicsengine\graphicsengine\source files\math utilities\matrix3x3.h(5): note: see declaration of 'matrix3x3'
  c:\users\dmitry\documents\github\kartongameengine\graphicsengine\graphicsengine\source files\geometry\triangle.h(5): note: see declaration of 'Triangle'
c:\users\dmitry\documents\github\kartongameengine\graphicsengine\graphicsengine\source files\math utilities\matrix3x3.cpp(192): error C2355: 'this': can only be referenced inside non-static member functions or non-static data member initializers
c:\users\dmitry\documents\github\kartongameengine\graphicsengine\graphicsengine\source files\graphicsflow\graphing2d.cpp(117): error C2039: 'points': is not a member of 'Triangle'
  c:\users\dmitry\documents\github\kartongameengine\graphicsengine\graphicsengine\source files\geometry\triangle.h(5): note: see declaration of 'Triangle'
c:\users\dmitry\documents\github\kartongameengine\graphicsengine\graphicsengine\source files\graphicsflow\graphing2d.cpp(119): error C2039: 'points': is not a member of 'Triangle'
  c:\users\dmitry\documents\github\kartongameengine\graphicsengine\graphicsengine\source files\geometry\triangle.h(5): note: see declaration of 'Triangle'
c:\users\dmitry\documents\github\kartongameengine\graphicsengine\graphicsengine\source files\graphicsflow\graphing2d.cpp(119): error C2660: 'glVertex2f': function does not take 1 arguments
  c:\program files (x86)\windows kits\10\include\10.0.19041.0\um\gl\gl.h(1469): note: see declaration of 'glVertex2f' (compiling source file Source Files\GraphicsFlow\Graphing2D.cpp)
c:\users\dmitry\documents\github\kartongameengine\graphicsengine\graphicsengine\source files\graphicsflow\graphing2d.cpp(120): error C2039: 'points': is not a member of 'Triangle'
  c:\users\dmitry\documents\github\kartongameengine\graphicsengine\graphicsengine\source files\geometry\triangle.h(5): note: see declaration of 'Triangle'
c:\users\dmitry\documents\github\kartongameengine\graphicsengine\graphicsengine\source files\graphicsflow\graphing2d.cpp(120): error C2660: 'glVertex2f': function does not take 1 arguments
  c:\program files (x86)\windows kits\10\include\10.0.19041.0\um\gl\gl.h(1469): note: see declaration of 'glVertex2f' (compiling source file Source Files\GraphicsFlow\Graphing2D.cpp)
c:\users\dmitry\documents\github\kartongameengine\graphicsengine\graphicsengine\source files\graphicsflow\graphing2d.cpp(121): error C2039: 'points': is not a member of 'Triangle'
  c:\users\dmitry\documents\github\kartongameengine\graphicsengine\graphicsengine\source files\geometry\triangle.h(5): note: see declaration of 'Triangle'
c:\users\dmitry\documents\github\kartongameengine\graphicsengine\graphicsengine\source files\graphicsflow\graphing2d.cpp(121): error C2660: 'glVertex2f': function does not take 1 arguments
  c:\program files (x86)\windows kits\10\include\10.0.19041.0\um\gl\gl.h(1469): note: see declaration of 'glVertex2f' (compiling source file Source Files\GraphicsFlow\Graphing2D.cpp)
c:\users\dmitry\documents\github\kartongameengine\graphicsengine\graphicsengine\source files\graphicsflow\graphing2d.cpp(131): error C2065: 'Vector2d': undeclared identifier
c:\users\dmitry\documents\github\kartongameengine\graphicsengine\graphicsengine\source files\graphicsflow\graphing2d.cpp(131): error C2146: syntax error: missing ')' before identifier 'point1'
c:\users\dmitry\documents\github\kartongameengine\graphicsengine\graphicsengine\source files\graphicsflow\graphing2d.cpp(132): error C2143: syntax error: missing ';' before '{'
c:\users\dmitry\documents\github\kartongameengine\graphicsengine\graphicsengine\source files\graphicsflow\graphing2d.cpp(132): error C2447: '{': missing function header (old-style formal list?)
c:\users\dmitry\documents\github\kartongameengine\graphicsengine\graphicsengine\source files\graphicsflow\graphing2d.cpp(141): error C2065: 'Vector2d': undeclared identifier
c:\users\dmitry\documents\github\kartongameengine\graphicsengine\graphicsengine\source files\graphicsflow\graphing2d.cpp(141): error C2146: syntax error: missing ')' before identifier 'point1'
c:\users\dmitry\documents\github\kartongameengine\graphicsengine\graphicsengine\source files\graphicsflow\graphing2d.cpp(142): error C2143: syntax error: missing ';' before '{'
c:\users\dmitry\documents\github\kartongameengine\graphicsengine\graphicsengine\source files\graphicsflow\graphing2d.cpp(142): error C2447: '{': missing function header (old-style formal list?)
c:\users\dmitry\documents\github\kartongameengine\graphicsengine\graphicsengine\source files\graphicsflow\graphing2d.cpp(159): error C2065: 'Vector2d': undeclared identifier
c:\users\dmitry\documents\github\kartongameengine\graphicsengine\graphicsengine\source files\graphicsflow\graphing2d.cpp(159): error C2146: syntax error: missing ')' before identifier 'point1'
c:\users\dmitry\documents\github\kartongameengine\graphicsengine\graphicsengine\source files\graphicsflow\graphing2d.cpp(160): error C2143: syntax error: missing ';' before '{'
c:\users\dmitry\documents\github\kartongameengine\graphicsengine\graphicsengine\source files\graphicsflow\graphing2d.cpp(160): error C2447: '{': missing function header (old-style formal list?)
c:\users\dmitry\documents\github\kartongameengine\graphicsengine\graphicsengine\source files\math utilities\matrix4x4.cpp(115): warning C4172: returning address of local variable or temporary: res
c:\users\dmitry\documents\github\kartongameengine\graphicsengine\graphicsengine\source files\math utilities\matrix4x4.cpp(100): warning C4172: returning address of local variable or temporary: res
c:\users\dmitry\documents\github\kartongameengine\graphicsengine\graphicsengine\source files\geometry\transforms.h(6): error C4430: missing type specifier - int assumed. Note: C++ does not support default-int (compiling source file Source Files\GraphicsFlow\GraphicsPipeline.cpp)
c:\users\dmitry\documents\github\kartongameengine\graphicsengine\graphicsengine\source files\geometry\transforms.h(6): error C2146: syntax error: missing ';' before identifier 'Ortho2D' (compiling source file Source Files\GraphicsFlow\GraphicsPipeline.cpp)
c:\users\dmitry\documents\github\kartongameengine\graphicsengine\graphicsengine\source files\graphicsflow\graphicspipeline.cpp(16): error C2039: 'points': is not a member of 'Triangle'
  c:\users\dmitry\documents\github\kartongameengine\graphicsengine\graphicsengine\source files\geometry\triangle.h(5): note: see declaration of 'Triangle'
c:\users\dmitry\documents\github\kartongameengine\graphicsengine\graphicsengine\source files\graphicsflow\graphicspipeline.cpp(16): error C3861: 'Vector3d': identifier not found
c:\users\dmitry\documents\github\kartongameengine\graphicsengine\graphicsengine\source files\graphicsflow\graphicspipeline.cpp(17): error C2039: 'points': is not a member of 'Triangle'
  c:\users\dmitry\documents\github\kartongameengine\graphicsengine\graphicsengine\source files\geometry\triangle.h(5): note: see declaration of 'Triangle'
c:\users\dmitry\documents\github\kartongameengine\graphicsengine\graphicsengine\source files\graphicsflow\graphicspipeline.cpp(17): error C3861: 'Vector3d': identifier not found
c:\users\dmitry\documents\github\kartongameengine\graphicsengine\graphicsengine\source files\graphicsflow\graphicspipeline.cpp(18): error C2039: 'points': is not a member of 'Triangle'
  c:\users\dmitry\documents\github\kartongameengine\graphicsengine\graphicsengine\source files\geometry\triangle.h(5): note: see declaration of 'Triangle'
c:\users\dmitry\documents\github\kartongameengine\graphicsengine\graphicsengine\source files\graphicsflow\graphicspipeline.cpp(18): error C3861: 'Vector3d': identifier not found
c:\users\dmitry\documents\github\kartongameengine\graphicsengine\graphicsengine\source files\graphicsflow\graphicspipeline.cpp(21): error C2039: 'points': is not a member of 'Triangle'
  c:\users\dmitry\documents\github\kartongameengine\graphicsengine\graphicsengine\source files\geometry\triangle.h(5): note: see declaration of 'Triangle'
c:\users\dmitry\documents\github\kartongameengine\graphicsengine\graphicsengine\source files\graphicsflow\graphicspipeline.cpp(21): error C3861: 'Vector3d': identifier not found
c:\users\dmitry\documents\github\kartongameengine\graphicsengine\graphicsengine\source files\graphicsflow\graphicspipeline.cpp(22): error C2039: 'points': is not a member of 'Triangle'
  c:\users\dmitry\documents\github\kartongameengine\graphicsengine\graphicsengine\source files\geometry\triangle.h(5): note: see declaration of 'Triangle'
c:\users\dmitry\documents\github\kartongameengine\graphicsengine\graphicsengine\source files\graphicsflow\graphicspipeline.cpp(22): error C3861: 'Vector3d': identifier not found
c:\users\dmitry\documents\github\kartongameengine\graphicsengine\graphicsengine\source files\graphicsflow\graphicspipeline.cpp(23): error C2039: 'points': is not a member of 'Triangle'
  c:\users\dmitry\documents\github\kartongameengine\graphicsengine\graphicsengine\source files\geometry\triangle.h(5): note: see declaration of 'Triangle'
c:\users\dmitry\documents\github\kartongameengine\graphicsengine\graphicsengine\source files\graphicsflow\graphicspipeline.cpp(23): error C3861: 'Vector3d': identifier not found
c:\users\dmitry\documents\github\kartongameengine\graphicsengine\graphicsengine\source files\graphicsflow\graphicspipeline.cpp(26): error C2039: 'points': is not a member of 'Triangle'
  c:\users\dmitry\documents\github\kartongameengine\graphicsengine\graphicsengine\source files\geometry\triangle.h(5): note: see declaration of 'Triangle'
c:\users\dmitry\documents\github\kartongameengine\graphicsengine\graphicsengine\source files\graphicsflow\graphicspipeline.cpp(26): error C3861: 'Vector3d': identifier not found
c:\users\dmitry\documents\github\kartongameengine\graphicsengine\graphicsengine\source files\graphicsflow\graphicspipeline.cpp(27): error C2039: 'points': is not a member of 'Triangle'
  c:\users\dmitry\documents\github\kartongameengine\graphicsengine\graphicsengine\source files\geometry\triangle.h(5): note: see declaration of 'Triangle'
c:\users\dmitry\documents\github\kartongameengine\graphicsengine\graphicsengine\source files\graphicsflow\graphicspipeline.cpp(27): error C3861: 'Vector3d': identifier not found
c:\users\dmitry\documents\github\kartongameengine\graphicsengine\graphicsengine\source files\graphicsflow\graphicspipeline.cpp(28): error C2039: 'points': is not a member of 'Triangle'
  c:\users\dmitry\documents\github\kartongameengine\graphicsengine\graphicsengine\source files\geometry\triangle.h(5): note: see declaration of 'Triangle'
c:\users\dmitry\documents\github\kartongameengine\graphicsengine\graphicsengine\source files\graphicsflow\graphicspipeline.cpp(28): error C3861: 'Vector3d': identifier not found
c:\users\dmitry\documents\github\kartongameengine\graphicsengine\graphicsengine\source files\graphicsflow\graphicspipeline.cpp(31): error C2039: 'points': is not a member of 'Triangle'
  c:\users\dmitry\documents\github\kartongameengine\graphicsengine\graphicsengine\source files\geometry\triangle.h(5): note: see declaration of 'Triangle'
c:\users\dmitry\documents\github\kartongameengine\graphicsengine\graphicsengine\source files\graphicsflow\graphicspipeline.cpp(31): error C3861: 'Vector3d': identifier not found
c:\users\dmitry\documents\github\kartongameengine\graphicsengine\graphicsengine\source files\graphicsflow\graphicspipeline.cpp(32): error C2039: 'points': is not a member of 'Triangle'
  c:\users\dmitry\documents\github\kartongameengine\graphicsengine\graphicsengine\source files\geometry\triangle.h(5): note: see declaration of 'Triangle'
c:\users\dmitry\documents\github\kartongameengine\graphicsengine\graphicsengine\source files\graphicsflow\graphicspipeline.cpp(32): error C3861: 'Vector3d': identifier not found
c:\users\dmitry\documents\github\kartongameengine\graphicsengine\graphicsengine\source files\graphicsflow\graphicspipeline.cpp(33): error C2039: 'points': is not a member of 'Triangle'
  c:\users\dmitry\documents\github\kartongameengine\graphicsengine\graphicsengine\source files\geometry\triangle.h(5): note: see declaration of 'Triangle'
c:\users\dmitry\documents\github\kartongameengine\graphicsengine\graphicsengine\source files\graphicsflow\graphicspipeline.cpp(33): error C3861: 'Vector3d': identifier not found
c:\users\dmitry\documents\github\kartongameengine\graphicsengine\graphicsengine\source files\graphicsflow\graphicspipeline.cpp(36): error C2039: 'points': is not a member of 'Triangle'
  c:\users\dmitry\documents\github\kartongameengine\graphicsengine\graphicsengine\source files\geometry\triangle.h(5): note: see declaration of 'Triangle'
c:\users\dmitry\documents\github\kartongameengine\graphicsengine\graphicsengine\source files\graphicsflow\graphicspipeline.cpp(36): error C3861: 'Vector3d': identifier not found
c:\users\dmitry\documents\github\kartongameengine\graphicsengine\graphicsengine\source files\graphicsflow\graphicspipeline.cpp(37): error C2039: 'points': is not a member of 'Triangle'
  c:\users\dmitry\documents\github\kartongameengine\graphicsengine\graphicsengine\source files\geometry\triangle.h(5): note: see declaration of 'Triangle'
c:\users\dmitry\documents\github\kartongameengine\graphicsengine\graphicsengine\source files\graphicsflow\graphicspipeline.cpp(37): error C3861: 'Vector3d': identifier not found
c:\users\dmitry\documents\github\kartongameengine\graphicsengine\graphicsengine\source files\graphicsflow\graphicspipeline.cpp(38): error C2039: 'points': is not a member of 'Triangle'
  c:\users\dmitry\documents\github\kartongameengine\graphicsengine\graphicsengine\source files\geometry\triangle.h(5): note: see declaration of 'Triangle'
c:\users\dmitry\documents\github\kartongameengine\graphicsengine\graphicsengine\source files\graphicsflow\graphicspipeline.cpp(38): error C3861: 'Vector3d': identifier not found
c:\users\dmitry\documents\github\kartongameengine\graphicsengine\graphicsengine\source files\graphicsflow\graphicspipeline.cpp(41): error C2039: 'points': is not a member of 'Triangle'
  c:\users\dmitry\documents\github\kartongameengine\graphicsengine\graphicsengine\source files\geometry\triangle.h(5): note: see declaration of 'Triangle'
c:\users\dmitry\documents\github\kartongameengine\graphicsengine\graphicsengine\source files\graphicsflow\graphicspipeline.cpp(41): error C3861: 'Vector3d': identifier not found
c:\users\dmitry\documents\github\kartongameengine\graphicsengine\graphicsengine\source files\graphicsflow\graphicspipeline.cpp(42): error C2039: 'points': is not a member of 'Triangle'
  c:\users\dmitry\documents\github\kartongameengine\graphicsengine\graphicsengine\source files\geometry\triangle.h(5): note: see declaration of 'Triangle'
c:\users\dmitry\documents\github\kartongameengine\graphicsengine\graphicsengine\source files\graphicsflow\graphicspipeline.cpp(42): error C3861: 'Vector3d': identifier not found
c:\users\dmitry\documents\github\kartongameengine\graphicsengine\graphicsengine\source files\graphicsflow\graphicspipeline.cpp(43): error C2039: 'points': is not a member of 'Triangle'
  c:\users\dmitry\documents\github\kartongameengine\graphicsengine\graphicsengine\source files\geometry\triangle.h(5): note: see declaration of 'Triangle'
c:\users\dmitry\documents\github\kartongameengine\graphicsengine\graphicsengine\source files\graphicsflow\graphicspipeline.cpp(43): error C3861: 'Vector3d': identifier not found
c:\users\dmitry\documents\github\kartongameengine\graphicsengine\graphicsengine\source files\graphicsflow\graphicspipeline.cpp(46): error C2039: 'points': is not a member of 'Triangle'
  c:\users\dmitry\documents\github\kartongameengine\graphicsengine\graphicsengine\source files\geometry\triangle.h(5): note: see declaration of 'Triangle'
c:\users\dmitry\documents\github\kartongameengine\graphicsengine\graphicsengine\source files\graphicsflow\graphicspipeline.cpp(46): error C3861: 'Vector3d': identifier not found
c:\users\dmitry\documents\github\kartongameengine\graphicsengine\graphicsengine\source files\graphicsflow\graphicspipeline.cpp(47): error C2039: 'points': is not a member of 'Triangle'
  c:\users\dmitry\documents\github\kartongameengine\graphicsengine\graphicsengine\source files\geometry\triangle.h(5): note: see declaration of 'Triangle'
c:\users\dmitry\documents\github\kartongameengine\graphicsengine\graphicsengine\source files\graphicsflow\graphicspipeline.cpp(47): error C3861: 'Vector3d': identifier not found
c:\users\dmitry\documents\github\kartongameengine\graphicsengine\graphicsengine\source files\graphicsflow\graphicspipeline.cpp(48): error C2039: 'points': is not a member of 'Triangle'
  c:\users\dmitry\documents\github\kartongameengine\graphicsengine\graphicsengine\source files\geometry\triangle.h(5): note: see declaration of 'Triangle'
c:\users\dmitry\documents\github\kartongameengine\graphicsengine\graphicsengine\source files\graphicsflow\graphicspipeline.cpp(48): error C3861: 'Vector3d': identifier not found
c:\users\dmitry\documents\github\kartongameengine\graphicsengine\graphicsengine\source files\graphicsflow\graphicspipeline.cpp(51): error C2039: 'points': is not a member of 'Triangle'
  c:\users\dmitry\documents\github\kartongameengine\graphicsengine\graphicsengine\source files\geometry\triangle.h(5): note: see declaration of 'Triangle'
c:\users\dmitry\documents\github\kartongameengine\graphicsengine\graphicsengine\source files\graphicsflow\graphicspipeline.cpp(51): error C3861: 'Vector3d': identifier not found
c:\users\dmitry\documents\github\kartongameengine\graphicsengine\graphicsengine\source files\graphicsflow\graphicspipeline.cpp(52): error C2039: 'points': is not a member of 'Triangle'
  c:\users\dmitry\documents\github\kartongameengine\graphicsengine\graphicsengine\source files\geometry\triangle.h(5): note: see declaration of 'Triangle'
c:\users\dmitry\documents\github\kartongameengine\graphicsengine\graphicsengine\source files\graphicsflow\graphicspipeline.cpp(52): error C3861: 'Vector3d': identifier not found
c:\users\dmitry\documents\github\kartongameengine\graphicsengine\graphicsengine\source files\graphicsflow\graphicspipeline.cpp(53): error C2039: 'points': is not a member of 'Triangle'
  c:\users\dmitry\documents\github\kartongameengine\graphicsengine\graphicsengine\source files\geometry\triangle.h(5): note: see declaration of 'Triangle'
c:\users\dmitry\documents\github\kartongameengine\graphicsengine\graphicsengine\source files\graphicsflow\graphicspipeline.cpp(53): error C3861: 'Vector3d': identifier not found
c:\users\dmitry\documents\github\kartongameengine\graphicsengine\graphicsengine\source files\graphicsflow\graphicspipeline.cpp(56): error C2039: 'points': is not a member of 'Triangle'
  c:\users\dmitry\documents\github\kartongameengine\graphicsengine\graphicsengine\source files\geometry\triangle.h(5): note: see declaration of 'Triangle'
c:\users\dmitry\documents\github\kartongameengine\graphicsengine\graphicsengine\source files\graphicsflow\graphicspipeline.cpp(56): error C3861: 'Vector3d': identifier not found
c:\users\dmitry\documents\github\kartongameengine\graphicsengine\graphicsengine\source files\graphicsflow\graphicspipeline.cpp(57): error C2039: 'points': is not a member of 'Triangle'
  c:\users\dmitry\documents\github\kartongameengine\graphicsengine\graphicsengine\source files\geometry\triangle.h(5): note: see declaration of 'Triangle'
c:\users\dmitry\documents\github\kartongameengine\graphicsengine\graphicsengine\source files\graphicsflow\graphicspipeline.cpp(57): error C3861: 'Vector3d': identifier not found
c:\users\dmitry\documents\github\kartongameengine\graphicsengine\graphicsengine\source files\graphicsflow\graphicspipeline.cpp(58): error C2039: 'points': is not a member of 'Triangle'
  c:\users\dmitry\documents\github\kartongameengine\graphicsengine\graphicsengine\source files\geometry\triangle.h(5): note: see declaration of 'Triangle'
c:\users\dmitry\documents\github\kartongameengine\graphicsengine\graphicsengine\source files\geometry\mesh.cpp(17): error C2065: 'Vector3d': undeclared identifier
c:\users\dmitry\documents\github\kartongameengine\graphicsengine\graphicsengine\source files\graphicsflow\graphicspipeline.cpp(58): error C3861: 'Vector3d': identifier not found
c:\users\dmitry\documents\github\kartongameengine\graphicsengine\graphicsengine\source files\geometry\mesh.cpp(17): error C2923: 'std::vector': 'Vector3d' is not a valid template type argument for parameter '_Ty'
c:\users\dmitry\documents\github\kartongameengine\graphicsengine\graphicsengine\source files\geometry\mesh.cpp(17): error C2903: 'allocator': symbol is neither a class template nor a function template
c:\users\dmitry\documents\github\kartongameengine\graphicsengine\graphicsengine\source files\graphicsflow\graphicspipeline.cpp(61): error C2039: 'points': is not a member of 'Triangle'
  c:\users\dmitry\documents\github\kartongameengine\graphicsengine\graphicsengine\source files\geometry\triangle.h(5): note: see declaration of 'Triangle'
c:\users\dmitry\documents\github\kartongameengine\graphicsengine\graphicsengine\source files\geometry\mesh.cpp(17): error C3203: 'allocator': unspecialized class template can't be used as a template argument for template parameter '_Alloc', expected a real type
c:\users\dmitry\documents\github\kartongameengine\graphicsengine\graphicsengine\source files\graphicsflow\graphicspipeline.cpp(61): error C3861: 'Vector3d': identifier not found
c:\users\dmitry\documents\github\kartongameengine\graphicsengine\graphicsengine\source files\graphicsflow\graphicspipeline.cpp(62): error C2039: 'points': is not a member of 'Triangle'
  c:\users\dmitry\documents\github\kartongameengine\graphicsengine\graphicsengine\source files\geometry\triangle.h(5): note: see declaration of 'Triangle'
c:\users\dmitry\documents\github\kartongameengine\graphicsengine\graphicsengine\source files\graphicsflow\graphicspipeline.cpp(62): error C3861: 'Vector3d': identifier not found
c:\users\dmitry\documents\github\kartongameengine\graphicsengine\graphicsengine\source files\graphicsflow\graphicspipeline.cpp(63): error C2039: 'points': is not a member of 'Triangle'
  c:\users\dmitry\documents\github\kartongameengine\graphicsengine\graphicsengine\source files\geometry\triangle.h(5): note: see declaration of 'Triangle'
c:\users\dmitry\documents\github\kartongameengine\graphicsengine\graphicsengine\source files\graphicsflow\graphicspipeline.cpp(63): error C3861: 'Vector3d': identifier not found
c:\users\dmitry\documents\github\kartongameengine\graphicsengine\graphicsengine\source files\graphicsflow\graphicspipeline.cpp(66): error C2039: 'points': is not a member of 'Triangle'
  c:\users\dmitry\documents\github\kartongameengine\graphicsengine\graphicsengine\source files\geometry\triangle.h(5): note: see declaration of 'Triangle'
c:\users\dmitry\documents\github\kartongameengine\graphicsengine\graphicsengine\source files\graphicsflow\graphicspipeline.cpp(66): error C3861: 'Vector3d': identifier not found
c:\users\dmitry\documents\github\kartongameengine\graphicsengine\graphicsengine\source files\graphicsflow\graphicspipeline.cpp(67): error C2039: 'points': is not a member of 'Triangle'
  c:\users\dmitry\documents\github\kartongameengine\graphicsengine\graphicsengine\source files\geometry\triangle.h(5): note: see declaration of 'Triangle'
c:\users\dmitry\documents\github\kartongameengine\graphicsengine\graphicsengine\source files\graphicsflow\graphicspipeline.cpp(67): error C3861: 'Vector3d': identifier not found
c:\users\dmitry\documents\github\kartongameengine\graphicsengine\graphicsengine\source files\graphicsflow\graphicspipeline.cpp(68): error C2039: 'points': is not a member of 'Triangle'
  c:\users\dmitry\documents\github\kartongameengine\graphicsengine\graphicsengine\source files\geometry\triangle.h(5): note: see declaration of 'Triangle'
c:\users\dmitry\documents\github\kartongameengine\graphicsengine\graphicsengine\source files\graphicsflow\graphicspipeline.cpp(68): error C3861: 'Vector3d': identifier not found
c:\users\dmitry\documents\github\kartongameengine\graphicsengine\graphicsengine\source files\graphicsflow\graphicspipeline.cpp(71): error C2039: 'points': is not a member of 'Triangle'
  c:\users\dmitry\documents\github\kartongameengine\graphicsengine\graphicsengine\source files\geometry\triangle.h(5): note: see declaration of 'Triangle'
c:\users\dmitry\documents\github\kartongameengine\graphicsengine\graphicsengine\source files\graphicsflow\graphicspipeline.cpp(71): error C3861: 'Vector3d': identifier not found
c:\users\dmitry\documents\github\kartongameengine\graphicsengine\graphicsengine\source files\graphicsflow\graphicspipeline.cpp(72): error C2039: 'points': is not a member of 'Triangle'
c:\users\dmitry\documents\github\kartongameengine\graphicsengine\graphicsengine\source files\geometry\mesh.cpp(17): error C2672: 'vector': no matching overloaded function found
  c:\users\dmitry\documents\github\kartongameengine\graphicsengine\graphicsengine\source files\geometry\triangle.h(5): note: see declaration of 'Triangle'
c:\users\dmitry\documents\github\kartongameengine\graphicsengine\graphicsengine\source files\geometry\mesh.cpp(17): error C2783: 'std::vector<_Ty,_Alloc> std::vector(void) noexcept(<expr>)': could not deduce template argument for '_Ty'
c:\users\dmitry\documents\github\kartongameengine\graphicsengine\graphicsengine\source files\graphicsflow\graphicspipeline.cpp(72): error C3861: 'Vector3d': identifier not found
  c:\program files (x86)\microsoft visual studio\2019\community\vc\tools\msvc\14.16.27023\include\vector(649): note: see declaration of 'std::vector'
c:\users\dmitry\documents\github\kartongameengine\graphicsengine\graphicsengine\source files\graphicsflow\graphicspipeline.cpp(73): error C2039: 'points': is not a member of 'Triangle'
c:\users\dmitry\documents\github\kartongameengine\graphicsengine\graphicsengine\source files\geometry\mesh.cpp(17): error C2780: 'std::vector<_Ty,_Alloc> std::vector(const _Alloc &) noexcept': expects 1 arguments - 0 provided
  c:\users\dmitry\documents\github\kartongameengine\graphicsengine\graphicsengine\source files\geometry\triangle.h(5): note: see declaration of 'Triangle'
  c:\program files (x86)\microsoft visual studio\2019\community\vc\tools\msvc\14.16.27023\include\vector(654): note: see declaration of 'std::vector'
c:\users\dmitry\documents\github\kartongameengine\graphicsengine\graphicsengine\source files\graphicsflow\graphicspipeline.cpp(73): error C3861: 'Vector3d': identifier not found
c:\users\dmitry\documents\github\kartongameengine\graphicsengine\graphicsengine\source files\geometry\mesh.cpp(17): error C2780: 'std::vector<_Ty,_Alloc> std::vector(const vector<_Ty,_Alloc>::_Vector_alloc<std::_Vec_base_types<_Ty,_Alloc>>::size_type,const _Alloc &)': expects 2 arguments - 0 provided
  c:\program files (x86)\microsoft visual studio\2019\community\vc\tools\msvc\14.16.27023\include\vector(659): note: see declaration of 'std::vector'
c:\users\dmitry\documents\github\kartongameengine\graphicsengine\graphicsengine\source files\geometry\mesh.cpp(17): error C2780: 'std::vector<_Ty,_Alloc> std::vector(const vector<_Ty,_Alloc>::_Vector_alloc<std::_Vec_base_types<_Ty,_Alloc>>::size_type,const _Ty &,const _Alloc &)': expects 3 arguments - 0 provided
c:\users\dmitry\documents\github\kartongameengine\graphicsengine\graphicsengine\source files\graphicsflow\graphicspipeline.cpp(98): error C2039: 'points': is not a member of 'Triangle'
  c:\program files (x86)\microsoft visual studio\2019\community\vc\tools\msvc\14.16.27023\include\vector(673): note: see declaration of 'std::vector'
  c:\users\dmitry\documents\github\kartongameengine\graphicsengine\graphicsengine\source files\geometry\triangle.h(5): note: see declaration of 'Triangle'
c:\users\dmitry\documents\github\kartongameengine\graphicsengine\graphicsengine\source files\geometry\mesh.cpp(17): error C2780: 'std::vector<_Ty,_Alloc> std::vector(_Iter,_Iter,const _Alloc &)': expects 3 arguments - 0 provided
  c:\program files (x86)\microsoft visual studio\2019\community\vc\tools\msvc\14.16.27023\include\vector(719): note: see declaration of 'std::vector'
c:\users\dmitry\documents\github\kartongameengine\graphicsengine\graphicsengine\source files\graphicsflow\graphicspipeline.cpp(99): error C2039: 'points': is not a member of 'Triangle'
c:\users\dmitry\documents\github\kartongameengine\graphicsengine\graphicsengine\source files\geometry\mesh.cpp(17): error C2780: 'std::vector<_Ty,_Alloc> std::vector(std::initializer_list<_Elem>,const _Alloc &)': expects 2 arguments - 0 provided
  c:\users\dmitry\documents\github\kartongameengine\graphicsengine\graphicsengine\source files\geometry\triangle.h(5): note: see declaration of 'Triangle'
  c:\program files (x86)\microsoft visual studio\2019\community\vc\tools\msvc\14.16.27023\include\vector(726): note: see declaration of 'std::vector'
c:\users\dmitry\documents\github\kartongameengine\graphicsengine\graphicsengine\source files\graphicsflow\graphicspipeline.cpp(100): error C2039: 'points': is not a member of 'Triangle'
c:\users\dmitry\documents\github\kartongameengine\graphicsengine\graphicsengine\source files\geometry\mesh.cpp(17): error C2780: 'std::vector<_Ty,_Alloc> std::vector(const std::vector<_Ty,_Alloc> &)': expects 1 arguments - 0 provided
  c:\program files (x86)\microsoft visual studio\2019\community\vc\tools\msvc\14.16.27023\include\vector(732): note: see declaration of 'std::vector'
  c:\users\dmitry\documents\github\kartongameengine\graphicsengine\graphicsengine\source files\geometry\triangle.h(5): note: see declaration of 'Triangle'
c:\users\dmitry\documents\github\kartongameengine\graphicsengine\graphicsengine\source files\geometry\mesh.cpp(17): error C2780: 'std::vector<_Ty,_Alloc> std::vector(const std::vector<_Ty,_Alloc> &,const _Alloc &)': expects 2 arguments - 0 provided
c:\users\dmitry\documents\github\kartongameengine\graphicsengine\graphicsengine\source files\graphicsflow\graphicspipeline.cpp(102): error C2065: 'Vector3d': undeclared identifier
  c:\program files (x86)\microsoft visual studio\2019\community\vc\tools\msvc\14.16.27023\include\vector(746): note: see declaration of 'std::vector'
c:\users\dmitry\documents\github\kartongameengine\graphicsengine\graphicsengine\source files\graphicsflow\graphicspipeline.cpp(102): error C2146: syntax error: missing ';' before identifier 'v'
c:\users\dmitry\documents\github\kartongameengine\graphicsengine\graphicsengine\source files\geometry\mesh.cpp(17): error C2780: 'std::vector<_Ty,_Alloc> std::vector(std::vector<_Ty,_Alloc> &&) noexcept': expects 1 arguments - 0 provided
c:\users\dmitry\documents\github\kartongameengine\graphicsengine\graphicsengine\source files\graphicsflow\graphicspipeline.cpp(102): error C2065: 'v': undeclared identifier
  c:\program files (x86)\microsoft visual studio\2019\community\vc\tools\msvc\14.16.27023\include\vector(787): note: see declaration of 'std::vector'
c:\users\dmitry\documents\github\kartongameengine\graphicsengine\graphicsengine\source files\graphicsflow\graphicspipeline.cpp(102): fatal error C1003: error count exceeds 100; stopping compilation
c:\users\dmitry\documents\github\kartongameengine\graphicsengine\graphicsengine\source files\geometry\mesh.cpp(17): error C2780: 'std::vector<_Ty,_Alloc> std::vector(std::vector<_Ty,_Alloc> &&,const _Alloc &) noexcept(<expr>)': expects 2 arguments - 0 provided
  c:\program files (x86)\microsoft visual studio\2019\community\vc\tools\msvc\14.16.27023\include\vector(793): note: see declaration of 'std::vector'
c:\users\dmitry\documents\github\kartongameengine\graphicsengine\graphicsengine\source files\geometry\mesh.cpp(17): error C2641: cannot deduce template argument for 'std::vector'
c:\users\dmitry\documents\github\kartongameengine\graphicsengine\graphicsengine\source files\geometry\mesh.cpp(17): error C2512: 'std::vector': no appropriate default constructor available
  c:\program files (x86)\microsoft visual studio\2019\community\vc\tools\msvc\14.16.27023\include\vector(625): note: see declaration of 'std::vector' (compiling source file Source Files\Geometry\Mesh.cpp)
c:\users\dmitry\documents\github\kartongameengine\graphicsengine\graphicsengine\source files\geometry\mesh.cpp(32): error C2065: 'Vector3d': undeclared identifier
c:\users\dmitry\documents\github\kartongameengine\graphicsengine\graphicsengine\source files\geometry\mesh.cpp(32): error C2146: syntax error: missing ';' before identifier 'v'
c:\users\dmitry\documents\github\kartongameengine\graphicsengine\graphicsengine\source files\geometry\mesh.cpp(32): error C2065: 'v': undeclared identifier
c:\users\dmitry\documents\github\kartongameengine\graphicsengine\graphicsengine\source files\geometry\mesh.cpp(33): error C2065: 'v': undeclared identifier
c:\users\dmitry\documents\github\kartongameengine\graphicsengine\graphicsengine\source files\geometry\mesh.cpp(34): error C2065: 'v': undeclared identifier
c:\users\dmitry\documents\github\kartongameengine\graphicsengine\graphicsengine\source files\geometry\mesh.cpp(41): error C2678: binary '[': no operator found which takes a left-hand operand of type 'std::vector' (or there is no acceptable conversion)
  c:\program files (x86)\microsoft visual studio\2019\community\vc\tools\msvc\14.16.27023\include\vector(1739): note: could be 'const _Ty &std::vector<_Ty,_Alloc>::operator [](const vector<_Ty,_Alloc>::_Vector_alloc<std::_Vec_base_types<_Ty,_Alloc>>::size_type) const' (compiling source file Source Files\Geometry\Mesh.cpp)
  c:\program files (x86)\microsoft visual studio\2019\community\vc\tools\msvc\14.16.27023\include\vector(1730): note: or       '_Ty &std::vector<_Ty,_Alloc>::operator [](const vector<_Ty,_Alloc>::_Vector_alloc<std::_Vec_base_types<_Ty,_Alloc>>::size_type)' (compiling source file Source Files\Geometry\Mesh.cpp)
  c:\users\dmitry\documents\github\kartongameengine\graphicsengine\graphicsengine\source files\geometry\mesh.cpp(41): note: while trying to match the argument list '(std::vector, int)'
c:\users\dmitry\documents\github\kartongameengine\graphicsengine\graphicsengine\source files\geometry\mesh.cpp(42): error C2678: binary '[': no operator found which takes a left-hand operand of type 'std::vector' (or there is no acceptable conversion)
  c:\program files (x86)\microsoft visual studio\2019\community\vc\tools\msvc\14.16.27023\include\vector(1739): note: could be 'const _Ty &std::vector<_Ty,_Alloc>::operator [](const vector<_Ty,_Alloc>::_Vector_alloc<std::_Vec_base_types<_Ty,_Alloc>>::size_type) const' (compiling source file Source Files\Geometry\Mesh.cpp)
  c:\program files (x86)\microsoft visual studio\2019\community\vc\tools\msvc\14.16.27023\include\vector(1730): note: or       '_Ty &std::vector<_Ty,_Alloc>::operator [](const vector<_Ty,_Alloc>::_Vector_alloc<std::_Vec_base_types<_Ty,_Alloc>>::size_type)' (compiling source file Source Files\Geometry\Mesh.cpp)
  c:\users\dmitry\documents\github\kartongameengine\graphicsengine\graphicsengine\source files\geometry\mesh.cpp(42): note: while trying to match the argument list '(std::vector, int)'
c:\users\dmitry\documents\github\kartongameengine\graphicsengine\graphicsengine\source files\geometry\mesh.cpp(43): error C2678: binary '[': no operator found which takes a left-hand operand of type 'std::vector' (or there is no acceptable conversion)
  c:\program files (x86)\microsoft visual studio\2019\community\vc\tools\msvc\14.16.27023\include\vector(1739): note: could be 'const _Ty &std::vector<_Ty,_Alloc>::operator [](const vector<_Ty,_Alloc>::_Vector_alloc<std::_Vec_base_types<_Ty,_Alloc>>::size_type) const' (compiling source file Source Files\Geometry\Mesh.cpp)
  c:\program files (x86)\microsoft visual studio\2019\community\vc\tools\msvc\14.16.27023\include\vector(1730): note: or       '_Ty &std::vector<_Ty,_Alloc>::operator [](const vector<_Ty,_Alloc>::_Vector_alloc<std::_Vec_base_types<_Ty,_Alloc>>::size_type)' (compiling source file Source Files\Geometry\Mesh.cpp)
  c:\users\dmitry\documents\github\kartongameengine\graphicsengine\graphicsengine\source files\geometry\mesh.cpp(43): note: while trying to match the argument list '(std::vector, int)'
