  Mesh.cpp
  pchdr.h
  GraphicsPipeline.cpp
  Graphing2D.cpp
  matrix4x4.cpp
  matrix3x3.cpp
c:\users\dmitry\documents\github\kartongameengine\graphicsengine\graphicsengine\source files\math utilities\matrix3x3.cpp(150): warning C4244: '=': conversion from 'double' to 'FloatFX', possible loss of data
c:\users\dmitry\documents\github\kartongameengine\graphicsengine\graphicsengine\source files\math utilities\matrix3x3.cpp(151): warning C4244: '=': conversion from 'double' to 'FloatFX', possible loss of data
c:\users\dmitry\documents\github\kartongameengine\graphicsengine\graphicsengine\source files\math utilities\matrix3x3.cpp(152): warning C4244: '=': conversion from 'double' to 'FloatFX', possible loss of data
c:\users\dmitry\documents\github\kartongameengine\graphicsengine\graphicsengine\source files\math utilities\matrix3x3.cpp(153): warning C4244: '=': conversion from 'double' to 'FloatFX', possible loss of data
c:\users\dmitry\documents\github\kartongameengine\graphicsengine\graphicsengine\source files\math utilities\matrix3x3.cpp(154): warning C4244: '=': conversion from 'double' to 'FloatFX', possible loss of data
c:\users\dmitry\documents\github\kartongameengine\graphicsengine\graphicsengine\source files\math utilities\matrix3x3.cpp(155): warning C4244: '=': conversion from 'double' to 'FloatFX', possible loss of data
c:\users\dmitry\documents\github\kartongameengine\graphicsengine\graphicsengine\source files\math utilities\matrix3x3.cpp(156): warning C4244: '=': conversion from 'double' to 'FloatFX', possible loss of data
c:\users\dmitry\documents\github\kartongameengine\graphicsengine\graphicsengine\source files\math utilities\matrix3x3.cpp(157): warning C4244: '=': conversion from 'double' to 'FloatFX', possible loss of data
c:\users\dmitry\documents\github\kartongameengine\graphicsengine\graphicsengine\source files\math utilities\matrix3x3.cpp(158): warning C4244: '=': conversion from 'double' to 'FloatFX', possible loss of data
  main.cpp
  vector3d.cpp
  Triangle.cpp
  vector2d.cpp
  Generating Code...
c:\users\dmitry\documents\github\kartongameengine\graphicsengine\graphicsengine\source files\math utilities\matrix3x3.cpp(160): warning C4172: returning address of local variable or temporary: res
c:\users\dmitry\documents\github\kartongameengine\graphicsengine\graphicsengine\source files\math utilities\matrix3x3.cpp(58): warning C4172: returning address of local variable or temporary: res
c:\users\dmitry\documents\github\kartongameengine\graphicsengine\graphicsengine\source files\math utilities\matrix3x3.cpp(88): warning C4172: returning address of local variable or temporary: temp
c:\users\dmitry\documents\github\kartongameengine\graphicsengine\graphicsengine\source files\math utilities\matrix3x3.cpp(71): warning C4172: returning address of local variable or temporary: res
c:\users\dmitry\documents\github\kartongameengine\graphicsengine\graphicsengine\source files\math utilities\matrix4x4.cpp(97): warning C4172: returning address of local variable or temporary: res
c:\users\dmitry\documents\github\kartongameengine\graphicsengine\graphicsengine\source files\math utilities\matrix4x4.cpp(112): warning C4172: returning address of local variable or temporary: res
LINK : fatal error LNK1104: cannot open file 'glut32.lib'
